----- TS: 2025-12-18_12:46:12 -----

[CPU - top]
top - 12:46:12 up 3 days,  1:03,  0 users,  load average: 28.32, 20.46, 12.51
Tasks: 249 total,   1 running, 248 sleeping,   0 stopped,   0 zombie
%Cpu(s):  0.1 us, 72.8 sy,  0.0 ni, 27.2 id,  0.0 wa,  0.0 hi,  0.0 si,  0.0 st
MiB Mem : 1027473.+total, 205803.0 free, 665718.8 used, 155951.9 buff/cache
MiB Swap:      0.0 total,      0.0 free,      0.0 used. 267963.7 avail Mem 

[CPU/IO - vmstat]
 5  0      0 203820000 719740 165938272    0    0     0     0 68076 58029  0 57 42  0  0

[CPU - mpstat]
12:46:14     all    1.94    0.00    8.76    0.00    0.00    0.00    0.00    0.00    0.00   89.30
Average:     all    1.94    0.00    8.76    0.00    0.00    0.00    0.00    0.00    0.00   89.30

[IO - iostat -x]
           2.25    0.00    0.92    0.11    0.00   96.72

Device            r/s     rkB/s   rrqm/s  %rrqm r_await rareq-sz     w/s     wkB/s   wrqm/s  %wrqm w_await wareq-sz     d/s     dkB/s   drqm/s  %drqm d_await dareq-sz     f/s f_await  aqu-sz  %util
dm-0           200.31  17944.34     0.00   0.00    0.26    89.58   43.66  85338.83     0.00   0.00   18.61  1954.56    0.00      0.00     0.00   0.00    0.00     0.00    0.00    0.00    0.86   6.59
dm-1            28.69    925.52     0.00   0.00    0.25    32.26   30.36  18686.51     0.00   0.00    3.80   615.52    0.00      0.00     0.00   0.00    0.00     0.00    0.00    0.00    0.12   1.27
loop0            0.00      0.00     0.00   0.00    0.19     8.02    0.00      0.00     0.00   0.00    0.00     0.00    0.00      0.00     0.00   0.00    0.00     0.00    0.00    0.00    0.00   0.00
loop1            0.00      0.00     0.00   0.00    0.41    21.20    0.00      0.00     0.00   0.00    0.00     0.00    0.00      0.00     0.00   0.00    0.00     0.00    0.00    0.00    0.00   0.00
loop2            0.00      0.00     0.00   0.00    0.24     8.39    0.00      0.00     0.00   0.00    0.00     0.00    0.00      0.00     0.00   0.00    0.00     0.00    0.00    0.00    0.00   0.00
nvme0n1         60.23   3763.39     1.87   3.01    0.27    62.48  219.25  27550.11     5.59   2.48   53.86   125.66    0.00      0.00     0.00   0.00    0.00     0.00    0.00    0.00   11.83   1.95
nvme1n1        136.52  10253.27     0.12   0.09    0.24    75.10  137.55  17331.51     0.50   0.36   25.61   126.00    0.00      0.00     0.00   0.00    0.00     0.00    0.00    0.00    3.56   2.40
nvme2n1         35.55   1732.59     3.27   8.42    0.30    48.73  195.39  23922.65    17.25   8.11   17.11   122.44    0.00      0.00     0.00   0.00    0.00     0.00    0.00    0.00    3.35   1.63
nvme3n1         41.54   3120.62     0.08   0.19    0.39    75.12  278.20  35221.08    11.49   3.97   49.40   126.60    0.00      0.00     0.00   0.00    0.00     0.00    0.00    0.00   13.76   2.29
sda              0.67     24.00     0.16  19.24    0.51    35.88    1.48     23.64     1.36  47.99    0.75    16.02    0.00      0.00     0.00   0.00    0.00     0.00    0.00    0.00    0.00   0.19



[MEM - free -m]
               total        used        free      shared  buff/cache   available
Mem:         1027473      665757      197644       84401      164071      267813
Swap:              0           0           0

[GPU - nvidia-smi]
2025/12/18 12:46:15.380, NVIDIA H20, 100 %, 10 %, 97871 MiB, 88629 MiB
2025/12/18 12:46:15.384, NVIDIA H20, 66 %, 6 %, 97871 MiB, 88725 MiB
2025/12/18 12:46:15.386, NVIDIA H20, 100 %, 10 %, 97871 MiB, 88725 MiB
2025/12/18 12:46:15.394, NVIDIA H20, 91 %, 9 %, 97871 MiB, 88245 MiB

----- TS: 2025-12-18_12:46:16 -----

[CPU - top]
top - 12:46:16 up 3 days,  1:03,  0 users,  load average: 35.82, 22.15, 13.10
Tasks: 249 total,   5 running, 244 sleeping,   0 stopped,   0 zombie
%Cpu(s):  2.2 us,  0.6 sy,  0.0 ni, 97.1 id,  0.0 wa,  0.0 hi,  0.0 si,  0.0 st
MiB Mem : 1027473.+total, 195237.9 free, 666030.7 used, 166205.0 buff/cache
MiB Swap:      0.0 total,      0.0 free,      0.0 used. 267513.7 avail Mem 

[CPU/IO - vmstat]
 4  0      0 198248400 720408 170993056    0    0    96 1392656 75413 76503  2 11 87  0  0

[CPU - mpstat]
12:46:18     all    1.90    0.00    9.94    0.08    0.00    0.00    0.00    0.00    0.00   88.08
Average:     all    1.90    0.00    9.94    0.08    0.00    0.00    0.00    0.00    0.00   88.08

[IO - iostat -x]
           2.25    0.00    0.92    0.11    0.00   96.72

Device            r/s     rkB/s   rrqm/s  %rrqm r_await rareq-sz     w/s     wkB/s   wrqm/s  %wrqm w_await wareq-sz     d/s     dkB/s   drqm/s  %drqm d_await dareq-sz     f/s f_await  aqu-sz  %util
dm-0           200.31  17944.08     0.00   0.00    0.26    89.58   43.66  85337.59     0.00   0.00   18.61  1954.56    0.00      0.00     0.00   0.00    0.00     0.00    0.00    0.00    0.86   6.59
dm-1            28.69    925.51     0.00   0.00    0.25    32.26   30.37  18699.71     0.00   0.00    3.80   615.83    0.00      0.00     0.00   0.00    0.00     0.00    0.00    0.00    0.12   1.27
loop0            0.00      0.00     0.00   0.00    0.19     8.02    0.00      0.00     0.00   0.00    0.00     0.00    0.00      0.00     0.00   0.00    0.00     0.00    0.00    0.00    0.00   0.00
loop1            0.00      0.00     0.00   0.00    0.41    21.20    0.00      0.00     0.00   0.00    0.00     0.00    0.00      0.00     0.00   0.00    0.00     0.00    0.00    0.00    0.00   0.00
loop2            0.00      0.00     0.00   0.00    0.24     8.39    0.00      0.00     0.00   0.00    0.00     0.00    0.00      0.00     0.00   0.00    0.00     0.00    0.00    0.00    0.00   0.00
nvme0n1         60.23   3763.34     1.87   3.01    0.27    62.48  219.25  27549.71     5.59   2.48   53.86   125.66    0.00      0.00     0.00   0.00    0.00     0.00    0.00    0.00   11.83   1.95
nvme1n1        136.52  10253.12     0.12   0.09    0.24    75.10  137.55  17331.25     0.50   0.36   25.61   126.00    0.00      0.00     0.00   0.00    0.00     0.00    0.00    0.00    3.55   2.40
nvme2n1         35.55   1732.56     3.27   8.42    0.30    48.73  195.49  23935.68    17.25   8.11   17.10   122.44    0.00      0.00     0.00   0.00    0.00     0.00    0.00    0.00    3.35   1.64
nvme3n1         41.54   3120.58     0.08   0.19    0.39    75.12  278.20  35220.57    11.49   3.97   49.40   126.60    0.00      0.00     0.00   0.00    0.00     0.00    0.00    0.00   13.76   2.29
sda              0.67     24.00     0.16  19.24    0.51    35.88    1.48     23.64     1.36  47.99    0.75    16.02    0.00      0.00     0.00   0.00    0.00     0.00    0.00    0.00    0.00   0.19



[MEM - free -m]
               total        used        free      shared  buff/cache   available
Mem:         1027473      666392      191947       84401      169134      267122
Swap:              0           0           0

[GPU - nvidia-smi]
2025/12/18 12:46:19.185, NVIDIA H20, 100 %, 10 %, 97871 MiB, 88629 MiB
2025/12/18 12:46:19.191, NVIDIA H20, 96 %, 10 %, 97871 MiB, 88725 MiB
2025/12/18 12:46:19.194, NVIDIA H20, 100 %, 11 %, 97871 MiB, 88725 MiB
2025/12/18 12:46:19.196, NVIDIA H20, 100 %, 10 %, 97871 MiB, 88245 MiB

----- TS: 2025-12-18_12:46:20 -----

[CPU - top]
top - 12:46:20 up 3 days,  1:03,  0 users,  load average: 33.43, 21.88, 13.06
Tasks: 249 total,   3 running, 246 sleeping,   0 stopped,   0 zombie
%Cpu(s):  0.5 us,  0.9 sy,  0.0 ni, 98.5 id,  0.0 wa,  0.0 hi,  0.1 si,  0.0 st
MiB Mem : 1027473.+total, 190787.8 free, 666531.6 used, 170154.2 buff/cache
MiB Swap:      0.0 total,      0.0 free,      0.0 used. 266962.2 avail Mem 

[CPU/IO - vmstat]
 5  0      0 195374304 721972 173515936    0    0     0     0 261039 503328  1  1 97  0  0

[CPU - mpstat]
12:46:22     all    1.09    0.00    0.84    0.00    0.00    0.18    0.00    0.00    0.00   97.88
Average:     all    1.09    0.00    0.84    0.00    0.00    0.18    0.00    0.00    0.00   97.88

[IO - iostat -x]
           2.25    0.00    0.92    0.11    0.00   96.72

Device            r/s     rkB/s   rrqm/s  %rrqm r_await rareq-sz     w/s     wkB/s   wrqm/s  %wrqm w_await wareq-sz     d/s     dkB/s   drqm/s  %drqm d_await dareq-sz     f/s f_await  aqu-sz  %util
dm-0           200.30  17943.82     0.00   0.00    0.26    89.58   43.66  85336.36     0.00   0.00   18.61  1954.56    0.00      0.00     0.00   0.00    0.00     0.00    0.00    0.00    0.86   6.59
dm-1            28.69    925.50     0.00   0.00    0.25    32.26   30.37  18703.31     0.00   0.00    3.80   615.81    0.00      0.00     0.00   0.00    0.00     0.00    0.00    0.00    0.12   1.27
loop0            0.00      0.00     0.00   0.00    0.19     8.02    0.00      0.00     0.00   0.00    0.00     0.00    0.00      0.00     0.00   0.00    0.00     0.00    0.00    0.00    0.00   0.00
loop1            0.00      0.00     0.00   0.00    0.41    21.20    0.00      0.00     0.00   0.00    0.00     0.00    0.00      0.00     0.00   0.00    0.00     0.00    0.00    0.00    0.00   0.00
loop2            0.00      0.00     0.00   0.00    0.24     8.39    0.00      0.00     0.00   0.00    0.00     0.00    0.00      0.00     0.00   0.00    0.00     0.00    0.00    0.00    0.00   0.00
nvme0n1         60.23   3763.28     1.87   3.01    0.27    62.48  219.25  27549.31     5.59   2.48   53.86   125.66    0.00      0.00     0.00   0.00    0.00     0.00    0.00    0.00   11.83   1.95
nvme1n1        136.52  10252.98     0.12   0.09    0.24    75.10  137.55  17331.00     0.50   0.36   25.61   126.00    0.00      0.00     0.00   0.00    0.00     0.00    0.00    0.00    3.55   2.40
nvme2n1         35.55   1732.54     3.27   8.42    0.30    48.73  195.52  23939.30    17.25   8.11   17.10   122.44    0.00      0.00     0.00   0.00    0.00     0.00    0.00    0.00    3.35   1.64
nvme3n1         41.54   3120.53     0.08   0.19    0.39    75.12  278.20  35220.06    11.49   3.97   49.40   126.60    0.00      0.00     0.00   0.00    0.00     0.00    0.00    0.00   13.76   2.29
sda              0.67     24.00     0.16  19.24    0.51    35.88    1.48     23.64     1.36  47.99    0.75    16.02    0.00      0.00     0.00   0.00    0.00     0.00    0.00    0.00    0.00   0.19



[MEM - free -m]
               total        used        free      shared  buff/cache   available
Mem:         1027473      666555      190764       84401      170154      266939
Swap:              0           0           0

[GPU - nvidia-smi]
2025/12/18 12:46:22.987, NVIDIA H20, 0 %, 0 %, 97871 MiB, 87915 MiB
2025/12/18 12:46:22.988, NVIDIA H20, 0 %, 0 %, 97871 MiB, 88011 MiB
2025/12/18 12:46:22.990, NVIDIA H20, 0 %, 0 %, 97871 MiB, 88011 MiB
2025/12/18 12:46:22.992, NVIDIA H20, 0 %, 0 %, 97871 MiB, 87531 MiB

----- TS: 2025-12-18_12:46:24 -----

[CPU - top]
top - 12:46:24 up 3 days,  1:03,  0 users,  load average: 39.33, 23.30, 13.56
Tasks: 249 total,   2 running, 247 sleeping,   0 stopped,   0 zombie
%Cpu(s):  1.3 us, 37.3 sy,  0.0 ni, 61.3 id,  0.0 wa,  0.0 hi,  0.0 si,  0.0 st
MiB Mem : 1027473.+total, 190669.1 free, 666650.3 used, 170154.2 buff/cache
MiB Swap:      0.0 total,      0.0 free,      0.0 used. 266844.2 avail Mem 

[CPU/IO - vmstat]
130  0      0 195033120 722160 173515968    0    0   160 2942488 81910 64726  1 32 67  0  0

[CPU - mpstat]
12:46:26     all    2.22    0.00    5.69    0.27    0.00    0.00    0.00    0.00    0.00   91.83
Average:     all    2.22    0.00    5.69    0.27    0.00    0.00    0.00    0.00    0.00   91.83

[IO - iostat -x]
           2.25    0.00    0.92    0.11    0.00   96.72

Device            r/s     rkB/s   rrqm/s  %rrqm r_await rareq-sz     w/s     wkB/s   wrqm/s  %wrqm w_await wareq-sz     d/s     dkB/s   drqm/s  %drqm d_await dareq-sz     f/s f_await  aqu-sz  %util
dm-0           200.30  17943.56     0.00   0.00    0.26    89.58   43.66  85335.12     0.00   0.00   18.61  1954.56    0.00      0.00     0.00   0.00    0.00     0.00    0.00    0.00    0.86   6.59
dm-1            28.69    925.49     0.00   0.00    0.25    32.26   30.39  18731.53     0.00   0.00    3.80   616.46    0.00      0.00     0.00   0.00    0.00     0.00    0.00    0.00    0.12   1.27
loop0            0.00      0.00     0.00   0.00    0.19     8.02    0.00      0.00     0.00   0.00    0.00     0.00    0.00      0.00     0.00   0.00    0.00     0.00    0.00    0.00    0.00   0.00
loop1            0.00      0.00     0.00   0.00    0.41    21.20    0.00      0.00     0.00   0.00    0.00     0.00    0.00      0.00     0.00   0.00    0.00     0.00    0.00    0.00    0.00   0.00
loop2            0.00      0.00     0.00   0.00    0.24     8.39    0.00      0.00     0.00   0.00    0.00     0.00    0.00      0.00     0.00   0.00    0.00     0.00    0.00    0.00    0.00   0.00
nvme0n1         60.23   3763.23     1.87   3.01    0.27    62.48  219.24  27548.91     5.59   2.48   53.86   125.66    0.00      0.00     0.00   0.00    0.00     0.00    0.00    0.00   11.83   1.95
nvme1n1        136.52  10252.83     0.12   0.09    0.24    75.10  137.55  17330.75     0.50   0.36   25.61   126.00    0.00      0.00     0.00   0.00    0.00     0.00    0.00    0.00    3.55   2.40
nvme2n1         35.55   1732.51     3.27   8.42    0.30    48.73  195.75  23967.34    17.25   8.10   17.08   122.44    0.00      0.00     0.00   0.00    0.00     0.00    0.00    0.00    3.35   1.64
nvme3n1         41.54   3120.49     0.08   0.19    0.39    75.12  278.19  35219.55    11.49   3.97   49.40   126.60    0.00      0.00     0.00   0.00    0.00     0.00    0.00    0.00   13.76   2.29
sda              0.67     24.00     0.16  19.24    0.51    35.88    1.48     23.64     1.36  47.99    0.75    16.02    0.00      0.00     0.00   0.00    0.00     0.00    0.00    0.00    0.00   0.19



[MEM - free -m]
               total        used        free      shared  buff/cache   available
Mem:         1027473      667063      190254       84401      170155      266431
Swap:              0           0           0

[GPU - nvidia-smi]
2025/12/18 12:46:26.814, NVIDIA H20, 8 %, 1 %, 97871 MiB, 88041 MiB
2025/12/18 12:46:26.816, NVIDIA H20, 3 %, 0 %, 97871 MiB, 88137 MiB
2025/12/18 12:46:26.818, NVIDIA H20, 12 %, 1 %, 97871 MiB, 88137 MiB
2025/12/18 12:46:26.820, NVIDIA H20, 2 %, 0 %, 97871 MiB, 87657 MiB

----- TS: 2025-12-18_12:46:27 -----

[CPU - top]
top - 12:46:27 up 3 days,  1:03,  0 users,  load average: 39.33, 23.30, 13.56
Tasks: 249 total,   3 running, 246 sleeping,   0 stopped,   0 zombie
%Cpu(s):  2.3 us,  0.9 sy,  0.0 ni, 96.4 id,  0.3 wa,  0.0 hi,  0.0 si,  0.0 st
MiB Mem : 1027473.+total, 190241.0 free, 667075.8 used, 170156.9 buff/cache
MiB Swap:      0.0 total,      0.0 free,      0.0 used. 266419.2 avail Mem 

[CPU/IO - vmstat]
 6  0      0 194812720 723128 173518240    0    0   340 4427776 86793 108039  2  1 97  0  0

[CPU - mpstat]
12:46:30     all    2.33    0.00    0.69    0.26    0.00    0.01    0.00    0.00    0.00   96.72
Average:     all    2.33    0.00    0.69    0.26    0.00    0.01    0.00    0.00    0.00   96.72

[IO - iostat -x]
           2.25    0.00    0.92    0.11    0.00   96.72

Device            r/s     rkB/s   rrqm/s  %rrqm r_await rareq-sz     w/s     wkB/s   wrqm/s  %wrqm w_await wareq-sz     d/s     dkB/s   drqm/s  %drqm d_await dareq-sz     f/s f_await  aqu-sz  %util
dm-0           200.30  17943.30     0.00   0.00    0.26    89.58   43.66  85333.89     0.00   0.00   18.61  1954.56    0.00      0.00     0.00   0.00    0.00     0.00    0.00    0.00    0.86   6.59
dm-1            28.69    925.48     0.00   0.00    0.25    32.26   30.43  18791.46     0.00   0.00    3.80   617.62    0.00      0.00     0.00   0.00    0.00     0.00    0.00    0.00    0.12   1.27
loop0            0.00      0.00     0.00   0.00    0.19     8.02    0.00      0.00     0.00   0.00    0.00     0.00    0.00      0.00     0.00   0.00    0.00     0.00    0.00    0.00    0.00   0.00
loop1            0.00      0.00     0.00   0.00    0.41    21.20    0.00      0.00     0.00   0.00    0.00     0.00    0.00      0.00     0.00   0.00    0.00     0.00    0.00    0.00    0.00   0.00
loop2            0.00      0.00     0.00   0.00    0.24     8.39    0.00      0.00     0.00   0.00    0.00     0.00    0.00      0.00     0.00   0.00    0.00     0.00    0.00    0.00    0.00   0.00
nvme0n1         60.23   3763.17     1.87   3.01    0.27    62.48  219.24  27548.51     5.59   2.48   53.86   125.66    0.00      0.00     0.00   0.00    0.00     0.00    0.00    0.00   11.83   1.95
nvme1n1        136.52  10252.68     0.12   0.09    0.24    75.10  137.54  17330.50     0.50   0.36   25.61   126.00    0.00      0.00     0.00   0.00    0.00     0.00    0.00    0.00    3.55   2.40
nvme2n1         35.55   1732.49     3.27   8.42    0.30    48.73  196.23  24027.29    17.27   8.09   17.05   122.45    0.00      0.00     0.00   0.00    0.00     0.00    0.00    0.00    3.36   1.64
nvme3n1         41.54   3120.44     0.08   0.19    0.39    75.12  278.19  35219.04    11.49   3.97   49.40   126.60    0.00      0.00     0.00   0.00    0.00     0.00    0.00    0.00   13.76   2.29
sda              0.67     24.00     0.16  19.24    0.51    35.88    1.48     23.64     1.36  47.99    0.75    16.02    0.00      0.00     0.00   0.00    0.00     0.00    0.00    0.00    0.00   0.19



[MEM - free -m]
               total        used        free      shared  buff/cache   available
Mem:         1027473      667086      190227       84401      170158      266408
Swap:              0           0           0

[GPU - nvidia-smi]
2025/12/18 12:46:30.180, NVIDIA H20, 100 %, 71 %, 97871 MiB, 88041 MiB
2025/12/18 12:46:30.185, NVIDIA H20, 100 %, 71 %, 97871 MiB, 88137 MiB
2025/12/18 12:46:30.250, NVIDIA H20, 100 %, 71 %, 97871 MiB, 88137 MiB
2025/12/18 12:46:30.319, NVIDIA H20, 100 %, 72 %, 97871 MiB, 87657 MiB

----- TS: 2025-12-18_12:46:31 -----

[CPU - top]
top - 12:46:31 up 3 days,  1:03,  0 users,  load average: 36.58, 22.99, 13.52
Tasks: 249 total,   5 running, 244 sleeping,   0 stopped,   0 zombie
%Cpu(s):  2.4 us,  0.7 sy,  0.0 ni, 96.9 id,  0.0 wa,  0.0 hi,  0.0 si,  0.0 st
MiB Mem : 1027473.+total, 190222.1 free, 667092.7 used, 170158.8 buff/cache
MiB Swap:      0.0 total,      0.0 free,      0.0 used. 266402.8 avail Mem 

[CPU/IO - vmstat]
 4  0      0 194803008 723380 173519248    0    0     0    44 81120 143727  3  1 97  0  0

[CPU - mpstat]
12:46:33     all    2.26    0.00    0.19    0.00    0.00    0.00    0.00    0.00    0.00   97.55
Average:     all    2.26    0.00    0.19    0.00    0.00    0.00    0.00    0.00    0.00   97.55

[IO - iostat -x]
           2.25    0.00    0.92    0.11    0.00   96.72

Device            r/s     rkB/s   rrqm/s  %rrqm r_await rareq-sz     w/s     wkB/s   wrqm/s  %wrqm w_await wareq-sz     d/s     dkB/s   drqm/s  %drqm d_await dareq-sz     f/s f_await  aqu-sz  %util
dm-0           200.29  17943.03     0.00   0.00    0.26    89.58   43.66  85332.64     0.00   0.00   18.61  1954.56    0.00      0.00     0.00   0.00    0.00     0.00    0.00    0.00    0.86   6.59
dm-1            28.69    925.46     0.00   0.00    0.25    32.26   30.43  18791.18     0.00   0.00    3.80   617.62    0.00      0.00     0.00   0.00    0.00     0.00    0.00    0.00    0.12   1.27
loop0            0.00      0.00     0.00   0.00    0.19     8.02    0.00      0.00     0.00   0.00    0.00     0.00    0.00      0.00     0.00   0.00    0.00     0.00    0.00    0.00    0.00   0.00
loop1            0.00      0.00     0.00   0.00    0.41    21.20    0.00      0.00     0.00   0.00    0.00     0.00    0.00      0.00     0.00   0.00    0.00     0.00    0.00    0.00    0.00   0.00
loop2            0.00      0.00     0.00   0.00    0.24     8.39    0.00      0.00     0.00   0.00    0.00     0.00    0.00      0.00     0.00   0.00    0.00     0.00    0.00    0.00    0.00   0.00
nvme0n1         60.22   3763.12     1.87   3.01    0.27    62.48  219.24  27548.11     5.59   2.48   53.86   125.66    0.00      0.00     0.00   0.00    0.00     0.00    0.00    0.00   11.82   1.95
nvme1n1        136.51  10252.53     0.12   0.09    0.24    75.10  137.54  17330.25     0.50   0.36   25.61   126.00    0.00      0.00     0.00   0.00    0.00     0.00    0.00    0.00    3.55   2.40
nvme2n1         35.55   1732.47     3.27   8.42    0.30    48.73  196.22  24026.94    17.27   8.09   17.05   122.45    0.00      0.00     0.00   0.00    0.00     0.00    0.00    0.00    3.36   1.64
nvme3n1         41.54   3120.40     0.08   0.19    0.39    75.12  278.18  35218.52    11.49   3.97   49.40   126.60    0.00      0.00     0.00   0.00    0.00     0.00    0.00    0.00   13.76   2.29
sda              0.67     24.00     0.16  19.24    0.51    35.88    1.48     23.64     1.36  47.99    0.75    16.02    0.00      0.00     0.00   0.00    0.00     0.00    0.00    0.00    0.00   0.19



[MEM - free -m]
               total        used        free      shared  buff/cache   available
Mem:         1027473      667093      190220       84401      170158      266401
Swap:              0           0           0

[GPU - nvidia-smi]
2025/12/18 12:46:34.365, NVIDIA H20, 100 %, 71 %, 97871 MiB, 88041 MiB
2025/12/18 12:46:34.368, NVIDIA H20, 100 %, 71 %, 97871 MiB, 88137 MiB
2025/12/18 12:46:34.370, NVIDIA H20, 100 %, 71 %, 97871 MiB, 88137 MiB
2025/12/18 12:46:34.373, NVIDIA H20, 100 %, 71 %, 97871 MiB, 87657 MiB

----- TS: 2025-12-18_12:46:35 -----

[CPU - top]
top - 12:46:35 up 3 days,  1:03,  0 users,  load average: 34.21, 22.73, 13.48
Tasks: 249 total,   5 running, 244 sleeping,   0 stopped,   0 zombie
%Cpu(s):  3.5 us,  1.8 sy,  0.0 ni, 94.7 id,  0.0 wa,  0.0 hi,  0.0 si,  0.0 st
MiB Mem : 1027473.+total, 190204.6 free, 667110.1 used, 170158.8 buff/cache
MiB Swap:      0.0 total,      0.0 free,      0.0 used. 266385.4 avail Mem 

[CPU/IO - vmstat]
 6  0      0 194764304 723400 173519280    0    0     0     0 189168 37574  2  2 96  0  0

[CPU - mpstat]
12:46:37     all    2.29    0.00    0.39    0.00    0.00    0.00    0.00    0.00    0.00   97.32
Average:     all    2.29    0.00    0.39    0.00    0.00    0.00    0.00    0.00    0.00   97.32

[IO - iostat -x]
           2.25    0.00    0.92    0.11    0.00   96.72

Device            r/s     rkB/s   rrqm/s  %rrqm r_await rareq-sz     w/s     wkB/s   wrqm/s  %wrqm w_await wareq-sz     d/s     dkB/s   drqm/s  %drqm d_await dareq-sz     f/s f_await  aqu-sz  %util
dm-0           200.29  17942.77     0.00   0.00    0.26    89.58   43.66  85331.39     0.00   0.00   18.61  1954.56    0.00      0.00     0.00   0.00    0.00     0.00    0.00    0.00    0.86   6.59
dm-1            28.69    925.45     0.00   0.00    0.25    32.26   30.42  18790.91     0.00   0.00    3.80   617.62    0.00      0.00     0.00   0.00    0.00     0.00    0.00    0.00    0.12   1.27
loop0            0.00      0.00     0.00   0.00    0.19     8.02    0.00      0.00     0.00   0.00    0.00     0.00    0.00      0.00     0.00   0.00    0.00     0.00    0.00    0.00    0.00   0.00
loop1            0.00      0.00     0.00   0.00    0.41    21.20    0.00      0.00     0.00   0.00    0.00     0.00    0.00      0.00     0.00   0.00    0.00     0.00    0.00    0.00    0.00   0.00
loop2            0.00      0.00     0.00   0.00    0.24     8.39    0.00      0.00     0.00   0.00    0.00     0.00    0.00      0.00     0.00   0.00    0.00     0.00    0.00    0.00    0.00   0.00
nvme0n1         60.22   3763.06     1.87   3.01    0.27    62.48  219.23  27547.70     5.59   2.48   53.86   125.66    0.00      0.00     0.00   0.00    0.00     0.00    0.00    0.00   11.82   1.95
nvme1n1        136.51  10252.38     0.12   0.09    0.24    75.10  137.54  17329.99     0.50   0.36   25.61   126.00    0.00      0.00     0.00   0.00    0.00     0.00    0.00    0.00    3.55   2.40
nvme2n1         35.55   1732.44     3.27   8.42    0.30    48.73  196.22  24026.59    17.27   8.09   17.05   122.45    0.00      0.00     0.00   0.00    0.00     0.00    0.00    0.00    3.36   1.64
nvme3n1         41.54   3120.35     0.08   0.19    0.39    75.12  278.18  35218.01    11.49   3.97   49.40   126.60    0.00      0.00     0.00   0.00    0.00     0.00    0.00    0.00   13.76   2.29
sda              0.67     24.00     0.16  19.24    0.51    35.88    1.48     23.64     1.36  48.00    0.75    16.02    0.00      0.00     0.00   0.00    0.00     0.00    0.00    0.00    0.00   0.19



[MEM - free -m]
               total        used        free      shared  buff/cache   available
Mem:         1027473      667131      190182       84401      170158      266363
Swap:              0           0           0

[GPU - nvidia-smi]
2025/12/18 12:46:37.778, NVIDIA H20, 100 %, 71 %, 97871 MiB, 88041 MiB
2025/12/18 12:46:37.786, NVIDIA H20, 100 %, 71 %, 97871 MiB, 88137 MiB
2025/12/18 12:46:37.788, NVIDIA H20, 100 %, 71 %, 97871 MiB, 88137 MiB
2025/12/18 12:46:37.793, NVIDIA H20, 100 %, 71 %, 97871 MiB, 87657 MiB